TN:
SF:src/StakingRewards.sol
DA:30,17
FN:30,StakingRewards.constructor
FNDA:17,StakingRewards.constructor
DA:31,17
DA:32,17
DA:33,17
DA:36,14
FN:36,StakingRewards.onlyOwner
FNDA:14,StakingRewards.onlyOwner
DA:37,14
BRDA:37,0,0,2
BRDA:37,0,1,11
DA:41,4
FN:41,StakingRewards.updateReward
FNDA:4,StakingRewards.updateReward
DA:42,4
DA:43,4
DA:45,4
BRDA:45,1,0,4
DA:46,4
DA:47,4
DA:53,3
FN:53,StakingRewards.lastTimeRewardApplicable
FNDA:3,StakingRewards.lastTimeRewardApplicable
DA:54,63
DA:57,6
FN:57,StakingRewards.rewardPerToken
FNDA:6,StakingRewards.rewardPerToken
DA:58,65
BRDA:58,2,0,37
DA:59,37
DA:62,28
DA:65,14
FN:65,StakingRewards.stake
FNDA:14,StakingRewards.stake
DA:66,14
BRDA:66,3,0,1
BRDA:66,3,1,13
DA:67,13
DA:68,11
DA:69,11
DA:72,4
FN:72,StakingRewards.withdraw
FNDA:4,StakingRewards.withdraw
DA:73,4
BRDA:73,4,0,1
BRDA:73,4,1,3
DA:74,3
DA:75,2
DA:76,2
DA:79,8
FN:79,StakingRewards.earned
FNDA:8,StakingRewards.earned
DA:80,27
DA:81,27
DA:84,1
FN:84,StakingRewards.getReward
FNDA:1,StakingRewards.getReward
DA:85,1
DA:86,1
BRDA:86,5,0,1
DA:87,1
DA:88,1
DA:92,13
FN:92,StakingRewards.setRewardsDuration
FNDA:13,StakingRewards.setRewardsDuration
DA:93,11
BRDA:93,6,0,1
BRDA:93,6,1,10
DA:94,10
DA:97,14
FN:97,StakingRewards.notifyRewardAmount
FNDA:14,StakingRewards.notifyRewardAmount
DA:98,13
BRDA:98,7,0,12
BRDA:98,7,1,1
DA:99,12
DA:101,1
DA:102,1
DA:105,12
BRDA:105,8,0,1
BRDA:105,8,1,11
DA:106,11
BRDA:106,9,0,1
BRDA:106,9,1,10
DA:108,10
DA:109,10
DA:112,63
FN:112,StakingRewards._min
FNDA:63,StakingRewards._min
DA:113,63
FNF:12
FNH:12
LF:50
LH:50
BRF:17
BRH:17
end_of_record
